[0.000000] (-) TimerEvent: {}
[0.000163] (mars_rover_navigation) JobQueued: {'identifier': 'mars_rover_navigation', 'dependencies': OrderedDict()}
[0.000235] (mars_rover_navigation) JobStarted: {'identifier': 'mars_rover_navigation'}
[0.026751] (mars_rover_navigation) JobProgress: {'identifier': 'mars_rover_navigation', 'progress': 'cmake'}
[0.027818] (mars_rover_navigation) JobProgress: {'identifier': 'mars_rover_navigation', 'progress': 'build'}
[0.028973] (mars_rover_navigation) Command: {'cmd': ['/usr/bin/cmake', '--build', '/home/farhan/mars_nav/build/mars_rover_navigation', '--', '-j4', '-l4'], 'cwd': '/home/farhan/mars_nav/build/mars_rover_navigation', 'env': OrderedDict({'LESSOPEN': '| /usr/bin/lesspipe %s', 'USER': 'farhan', 'LC_TIME': 'ur_PK', 'GZ_CONFIG_PATH': '/opt/ros/jazzy/opt/gz_launch_vendor/share/gz:/opt/ros/jazzy/opt/gz_sim_vendor/share/gz:/opt/ros/jazzy/opt/sdformat_vendor/share/gz:/opt/ros/jazzy/opt/gz_gui_vendor/share/gz:/opt/ros/jazzy/opt/gz_transport_vendor/share/gz:/opt/ros/jazzy/opt/gz_rendering_vendor/share/gz:/opt/ros/jazzy/opt/gz_plugin_vendor/share/gz:/opt/ros/jazzy/opt/gz_fuel_tools_vendor/share/gz:/opt/ros/jazzy/opt/gz_msgs_vendor/share/gz:/opt/ros/jazzy/opt/gz_common_vendor/share/gz', 'XDG_SESSION_TYPE': 'x11', 'SHLVL': '1', 'LD_LIBRARY_PATH': '/opt/ros/jazzy/opt/gz_launch_vendor/lib:/opt/ros/jazzy/opt/gz_sim_vendor/lib:/opt/ros/jazzy/opt/gz_sensors_vendor/lib:/opt/ros/jazzy/opt/gz_physics_vendor/lib:/opt/ros/jazzy/opt/sdformat_vendor/lib:/opt/ros/jazzy/opt/rviz_ogre_vendor/lib:/opt/ros/jazzy/lib/x86_64-linux-gnu:/opt/ros/jazzy/opt/gz_gui_vendor/lib:/opt/ros/jazzy/opt/gz_transport_vendor/lib:/opt/ros/jazzy/opt/gz_rendering_vendor/lib:/opt/ros/jazzy/opt/gz_plugin_vendor/lib:/opt/ros/jazzy/opt/gz_fuel_tools_vendor/lib:/opt/ros/jazzy/opt/gz_msgs_vendor/lib:/opt/ros/jazzy/opt/gz_common_vendor/lib:/opt/ros/jazzy/opt/gz_math_vendor/lib:/opt/ros/jazzy/opt/gz_utils_vendor/lib:/opt/ros/jazzy/opt/gz_tools_vendor/lib:/opt/ros/jazzy/opt/gz_ogre_next_vendor/lib:/opt/ros/jazzy/opt/gz_dartsim_vendor/lib:/opt/ros/jazzy/opt/gz_cmake_vendor/lib:/opt/ros/jazzy/lib:/home/farhan/naoqi-sdk-2.5.5.5-linux64/lib:/home/farhan/naoqi-sdk-2.5.5.5-linux64/lib:', 'HOME': '/home/farhan', 'OLDPWD': '/home/farhan/mars_nav/src/mars_rover_navigation', 'DESKTOP_SESSION': 'ubuntu-xorg', 'ROS_PYTHON_VERSION': '3', 'GNOME_SHELL_SESSION_MODE': 'ubuntu', 'GTK_MODULES': 'gail:atk-bridge', 'LC_MONETARY': 'ur_PK', 'SYSTEMD_EXEC_PID': '3139', 'GSM_SKIP_SSH_AGENT_WORKAROUND': 'true', 'DBUS_SESSION_BUS_ADDRESS': 'unix:path=/run/user/1000/bus', 'COLORTERM': 'truecolor', 'DEBUGINFOD_URLS': 'https://debuginfod.ubuntu.com', 'COLCON_PREFIX_PATH': '/home/farhan/mars_nav/install:/home/farhan/turtlebot3_ws/install', 'ROS_DISTRO': 'jazzy', 'LOGNAME': 'farhan', '_': '/usr/bin/colcon', 'ROS_VERSION': '2', 'MEMORY_PRESSURE_WATCH': '/sys/fs/cgroup/user.slice/user-1000.slice/user@1000.service/session.slice/org.gnome.Shell@x11.service/memory.pressure', 'AL_DIR': '/home/farhan/naoqi-sdk-2.5.5.5-linux64', 'XDG_SESSION_CLASS': 'user', 'USERNAME': 'farhan', 'TERM': 'xterm-256color', 'COPPELIASIM_ROOT_DIR': '/home/farhan/Downloads/CoppeliaSim_Edu_V4_10_0_rev0_Ubuntu24_04', 'GNOME_DESKTOP_SESSION_ID': 'this-is-deprecated', 'WINDOWPATH': '2', 'PATH': '/opt/ros/jazzy/opt/gz_msgs_vendor/bin:/opt/ros/jazzy/opt/gz_tools_vendor/bin:/opt/ros/jazzy/opt/gz_ogre_next_vendor/bin:/opt/ros/jazzy/bin:/home/farhan/.local/bin:/usr/local/sbin:/usr/local/bin:/usr/sbin:/usr/bin:/sbin:/bin:/usr/games:/usr/local/games:/snap/bin:/snap/bin', 'SESSION_MANAGER': 'local/farhan-HP-EliteBook-840-G3:@/tmp/.ICE-unix/3105,unix/farhan-HP-EliteBook-840-G3:/tmp/.ICE-unix/3105', 'FASTRTPS_DEFAULT_PROFILES_FILE': '/home/farhan/dds_profiles/fastdds_profile.xml', 'XDG_MENU_PREFIX': 'gnome-', 'LC_ADDRESS': 'ur_PK', 'GNOME_TERMINAL_SCREEN': '/org/gnome/Terminal/screen/973df98b_fbe4_4884_b558_3cc9ecec52e1', 'XDG_RUNTIME_DIR': '/run/user/1000', 'DISPLAY': ':0', 'LANG': 'en_US.UTF-8', 'XDG_CURRENT_DESKTOP': 'ubuntu:GNOME', 'LC_TELEPHONE': 'ur_PK', 'XMODIFIERS': '@im=ibus', 'XDG_SESSION_DESKTOP': 'ubuntu-xorg', 'XAUTHORITY': '/run/user/1000/gdm/Xauthority', 'LS_COLORS': 'rs=0:di=01;34:ln=01;36:mh=00:pi=40;33:so=01;35:do=01;35:bd=40;33;01:cd=40;33;01:or=40;31;01:mi=00:su=37;41:sg=30;43:ca=00:tw=30;42:ow=34;42:st=37;44:ex=01;32:*.tar=01;31:*.tgz=01;31:*.arc=01;31:*.arj=01;31:*.taz=01;31:*.lha=01;31:*.lz4=01;31:*.lzh=01;31:*.lzma=01;31:*.tlz=01;31:*.txz=01;31:*.tzo=01;31:*.t7z=01;31:*.zip=01;31:*.z=01;31:*.dz=01;31:*.gz=01;31:*.lrz=01;31:*.lz=01;31:*.lzo=01;31:*.xz=01;31:*.zst=01;31:*.tzst=01;31:*.bz2=01;31:*.bz=01;31:*.tbz=01;31:*.tbz2=01;31:*.tz=01;31:*.deb=01;31:*.rpm=01;31:*.jar=01;31:*.war=01;31:*.ear=01;31:*.sar=01;31:*.rar=01;31:*.alz=01;31:*.ace=01;31:*.zoo=01;31:*.cpio=01;31:*.7z=01;31:*.rz=01;31:*.cab=01;31:*.wim=01;31:*.swm=01;31:*.dwm=01;31:*.esd=01;31:*.avif=01;35:*.jpg=01;35:*.jpeg=01;35:*.mjpg=01;35:*.mjpeg=01;35:*.gif=01;35:*.bmp=01;35:*.pbm=01;35:*.pgm=01;35:*.ppm=01;35:*.tga=01;35:*.xbm=01;35:*.xpm=01;35:*.tif=01;35:*.tiff=01;35:*.png=01;35:*.svg=01;35:*.svgz=01;35:*.mng=01;35:*.pcx=01;35:*.mov=01;35:*.mpg=01;35:*.mpeg=01;35:*.m2v=01;35:*.mkv=01;35:*.webm=01;35:*.webp=01;35:*.ogm=01;35:*.mp4=01;35:*.m4v=01;35:*.mp4v=01;35:*.vob=01;35:*.qt=01;35:*.nuv=01;35:*.wmv=01;35:*.asf=01;35:*.rm=01;35:*.rmvb=01;35:*.flc=01;35:*.avi=01;35:*.fli=01;35:*.flv=01;35:*.gl=01;35:*.dl=01;35:*.xcf=01;35:*.xwd=01;35:*.yuv=01;35:*.cgm=01;35:*.emf=01;35:*.ogv=01;35:*.ogx=01;35:*.aac=00;36:*.au=00;36:*.flac=00;36:*.m4a=00;36:*.mid=00;36:*.midi=00;36:*.mka=00;36:*.mp3=00;36:*.mpc=00;36:*.ogg=00;36:*.ra=00;36:*.wav=00;36:*.oga=00;36:*.opus=00;36:*.spx=00;36:*.xspf=00;36:*~=00;90:*#=00;90:*.bak=00;90:*.crdownload=00;90:*.dpkg-dist=00;90:*.dpkg-new=00;90:*.dpkg-old=00;90:*.dpkg-tmp=00;90:*.old=00;90:*.orig=00;90:*.part=00;90:*.rej=00;90:*.rpmnew=00;90:*.rpmorig=00;90:*.rpmsave=00;90:*.swp=00;90:*.tmp=00;90:*.ucf-dist=00;90:*.ucf-new=00;90:*.ucf-old=00;90:', 'GNOME_TERMINAL_SERVICE': ':1.282', 'SSH_AUTH_SOCK': '/run/user/1000/keyring/ssh', 'AMENT_PREFIX_PATH': '/home/farhan/mars_nav/install/mars_rover_navigation:/home/farhan/turtlebot3_ws/install/turtlebot3_simulations:/home/farhan/turtlebot3_ws/install/turtlebot3_gazebo:/home/farhan/turtlebot3_ws/install/turtlebot3_fake_node:/opt/ros/jazzy', 'SHELL': '/bin/bash', 'LC_NAME': 'ur_PK', 'RMW_FASTRTPS_USE_QOS_FROM_XML': '0', 'QT_ACCESSIBILITY': '1', 'GDMSESSION': 'ubuntu-xorg', 'LESSCLOSE': '/usr/bin/lesspipe %s %s', 'IGN_GAZEBO_RESOURCE_PATH': '/opt/ros/jazzy/share', 'LC_MEASUREMENT': 'ur_PK', 'GPG_AGENT_INFO': '/run/user/1000/gnupg/S.gpg-agent:0:1', 'LC_IDENTIFICATION': 'ur_PK', 'ROS_AUTOMATIC_DISCOVERY_RANGE': 'SUBNET', 'QT_IM_MODULE': 'ibus', 'PWD': '/home/farhan/mars_nav/build/mars_rover_navigation', 'LC_ALL': 'en_US.UTF-8', 'XDG_CONFIG_DIRS': '/etc/xdg/xdg-ubuntu-xorg:/etc/xdg', 'XDG_DATA_DIRS': '/usr/share/ubuntu-xorg:/usr/share/gnome:/usr/local/share/:/usr/share/:/var/lib/snapd/desktop', 'PYTHONPATH': '/opt/ros/jazzy/lib/python3.12/site-packages:/home/farhan/naoqi-sdk-2.5.5.5-linux64/lib/python3.10/site-packages:/home/farhan/naoqi-sdk-2.5.5.5-linux64/lib/python3.10/site-packages:/home/farhan/naoqi/pynaoqi-python2.7-2.1.4.13-linux64/lib/python2.7/site-packages:/home/farhan/naoqi/pynaoqi-python2.7-2.1.4.13-linux64/lib/python2.7/site-packages:/home/farhan/naoqi/pynaoqi-python2.7-2.1.4.13-linux64/lib/python2.7/site-packages:/home/farhan/naoqi/pynaoqi-python2.7-2.1.4.13-linux64/lib/python2.7/site-packages:/home/farhan/naoqi/pynaoqi-python2.7-2.1.4.13-linux64/lib/python2.7/site-packages:/home/farhan/naoqi/pynaoqi-python2.7-2.1.4.13-linux64/lib/python2.7/site-packages:', 'LC_NUMERIC': 'ur_PK', 'LC_PAPER': 'ur_PK', 'COLCON': '1', 'MEMORY_PRESSURE_WRITE': 'c29tZSAyMDAwMDAgMjAwMDAwMAA=', 'VTE_VERSION': '7600', 'CMAKE_PREFIX_PATH': '/home/farhan/mars_nav/install/mars_rover_navigation:/home/farhan/turtlebot3_ws/install/turtlebot3_simulations:/home/farhan/turtlebot3_ws/install/turtlebot3_gazebo:/home/farhan/turtlebot3_ws/install/turtlebot3_fake_node:/opt/ros/jazzy/opt/gz_launch_vendor:/opt/ros/jazzy/opt/gz_sim_vendor:/opt/ros/jazzy/opt/gz_sensors_vendor:/opt/ros/jazzy/opt/gz_physics_vendor:/opt/ros/jazzy/opt/sdformat_vendor:/opt/ros/jazzy/opt/gz_gui_vendor:/opt/ros/jazzy/opt/gz_transport_vendor:/opt/ros/jazzy/opt/gz_rendering_vendor:/opt/ros/jazzy/opt/gz_plugin_vendor:/opt/ros/jazzy/opt/gz_fuel_tools_vendor:/opt/ros/jazzy/opt/gz_msgs_vendor:/opt/ros/jazzy/opt/gz_common_vendor:/opt/ros/jazzy/opt/gz_math_vendor:/opt/ros/jazzy/opt/gz_utils_vendor:/opt/ros/jazzy/opt/gz_tools_vendor:/opt/ros/jazzy/opt/gz_ogre_next_vendor:/opt/ros/jazzy/opt/gz_dartsim_vendor:/opt/ros/jazzy/opt/gz_cmake_vendor'}), 'shell': False}
[0.091192] (mars_rover_navigation) StdoutLine: {'line': b'-- Found ament_cmake: 2.5.4 (/opt/ros/jazzy/share/ament_cmake/cmake)\n'}
[0.099023] (-) TimerEvent: {}
[0.199410] (-) TimerEvent: {}
[0.299797] (-) TimerEvent: {}
[0.400141] (-) TimerEvent: {}
[0.500436] (-) TimerEvent: {}
[0.555815] (mars_rover_navigation) StdoutLine: {'line': b'-- Found rclcpp: 28.1.9 (/opt/ros/jazzy/share/rclcpp/cmake)\n'}
[0.600567] (-) TimerEvent: {}
[0.625623] (mars_rover_navigation) StdoutLine: {'line': b'-- Found rosidl_generator_c: 4.6.5 (/opt/ros/jazzy/share/rosidl_generator_c/cmake)\n'}
[0.647242] (mars_rover_navigation) StdoutLine: {'line': b'-- Found rosidl_generator_cpp: 4.6.5 (/opt/ros/jazzy/share/rosidl_generator_cpp/cmake)\n'}
[0.675018] (mars_rover_navigation) StdoutLine: {'line': b'-- Using all available rosidl_typesupport_c: rosidl_typesupport_fastrtps_c;rosidl_typesupport_introspection_c\n'}
[0.700682] (-) TimerEvent: {}
[0.706400] (mars_rover_navigation) StdoutLine: {'line': b'-- Using all available rosidl_typesupport_cpp: rosidl_typesupport_fastrtps_cpp;rosidl_typesupport_introspection_cpp\n'}
[0.800795] (-) TimerEvent: {}
[0.855451] (mars_rover_navigation) StdoutLine: {'line': b'-- Found rmw_implementation_cmake: 7.3.2 (/opt/ros/jazzy/share/rmw_implementation_cmake/cmake)\n'}
[0.859214] (mars_rover_navigation) StdoutLine: {'line': b'-- Found rmw_fastrtps_cpp: 8.4.2 (/opt/ros/jazzy/share/rmw_fastrtps_cpp/cmake)\n'}
[0.900924] (-) TimerEvent: {}
[1.001269] (mars_rover_navigation) StdoutLine: {'line': b"-- Using RMW implementation 'rmw_fastrtps_cpp' as default\n"}
[1.001525] (-) TimerEvent: {}
[1.101773] (-) TimerEvent: {}
[1.145678] (mars_rover_navigation) StdoutLine: {'line': b'-- Found std_msgs: 5.3.6 (/opt/ros/jazzy/share/std_msgs/cmake)\n'}
[1.175972] (mars_rover_navigation) StdoutLine: {'line': b'-- Found geometry_msgs: 5.3.6 (/opt/ros/jazzy/share/geometry_msgs/cmake)\n'}
[1.201882] (-) TimerEvent: {}
[1.207974] (mars_rover_navigation) StdoutLine: {'line': b'-- Found sensor_msgs: 5.3.6 (/opt/ros/jazzy/share/sensor_msgs/cmake)\n'}
[1.257834] (mars_rover_navigation) StdoutLine: {'line': b'-- Found nav_msgs: 5.3.6 (/opt/ros/jazzy/share/nav_msgs/cmake)\n'}
[1.301995] (-) TimerEvent: {}
[1.402287] (-) TimerEvent: {}
[1.462880] (mars_rover_navigation) StderrLine: {'line': b"Error parsing '/home/farhan/mars_nav/src/mars_rover_navigation/package.xml':\n"}
[1.502395] (-) TimerEvent: {}
[1.602706] (-) TimerEvent: {}
[1.703000] (-) TimerEvent: {}
[1.803375] (-) TimerEvent: {}
[1.904034] (-) TimerEvent: {}
[2.004602] (-) TimerEvent: {}
[2.105253] (-) TimerEvent: {}
[2.206017] (-) TimerEvent: {}
[2.306790] (-) TimerEvent: {}
[2.407389] (-) TimerEvent: {}
[2.507993] (-) TimerEvent: {}
[2.608556] (-) TimerEvent: {}
[2.709205] (-) TimerEvent: {}
[2.809913] (-) TimerEvent: {}
[2.910679] (-) TimerEvent: {}
[3.011443] (-) TimerEvent: {}
[3.112278] (-) TimerEvent: {}
[3.212907] (-) TimerEvent: {}
[3.313255] (-) TimerEvent: {}
[3.413652] (-) TimerEvent: {}
[3.514054] (-) TimerEvent: {}
[3.614590] (-) TimerEvent: {}
[3.715106] (-) TimerEvent: {}
[3.815608] (-) TimerEvent: {}
[3.916059] (-) TimerEvent: {}
[4.016528] (-) TimerEvent: {}
[4.116886] (-) TimerEvent: {}
[4.217269] (-) TimerEvent: {}
[4.317679] (-) TimerEvent: {}
[4.418151] (-) TimerEvent: {}
[4.519019] (-) TimerEvent: {}
[4.619873] (-) TimerEvent: {}
[4.720735] (-) TimerEvent: {}
[4.821571] (-) TimerEvent: {}
[4.922252] (-) TimerEvent: {}
[5.022873] (-) TimerEvent: {}
[5.124074] (-) TimerEvent: {}
[5.224989] (-) TimerEvent: {}
[5.325803] (-) TimerEvent: {}
[5.426648] (-) TimerEvent: {}
[5.527352] (-) TimerEvent: {}
[5.628061] (-) TimerEvent: {}
[5.729016] (-) TimerEvent: {}
[5.829681] (-) TimerEvent: {}
[5.930488] (-) TimerEvent: {}
[6.031160] (-) TimerEvent: {}
[6.131771] (-) TimerEvent: {}
[6.232484] (-) TimerEvent: {}
[6.333282] (-) TimerEvent: {}
[6.433922] (-) TimerEvent: {}
[6.534373] (-) TimerEvent: {}
[6.634838] (-) TimerEvent: {}
[6.735457] (-) TimerEvent: {}
[6.836080] (-) TimerEvent: {}
[6.936637] (-) TimerEvent: {}
[7.037205] (-) TimerEvent: {}
[7.137781] (-) TimerEvent: {}
[7.238503] (-) TimerEvent: {}
[7.339224] (-) TimerEvent: {}
[7.440033] (-) TimerEvent: {}
[7.542051] (-) TimerEvent: {}
[7.644907] (-) TimerEvent: {}
[7.745493] (-) TimerEvent: {}
[7.846073] (-) TimerEvent: {}
[7.946592] (-) TimerEvent: {}
[8.047162] (-) TimerEvent: {}
[8.150108] (-) TimerEvent: {}
[8.250829] (-) TimerEvent: {}
[8.351420] (-) TimerEvent: {}
[8.452033] (-) TimerEvent: {}
[8.552651] (-) TimerEvent: {}
[8.653281] (-) TimerEvent: {}
[8.753866] (-) TimerEvent: {}
[8.854397] (-) TimerEvent: {}
[8.955060] (-) TimerEvent: {}
[9.055705] (-) TimerEvent: {}
[9.156284] (-) TimerEvent: {}
[9.256746] (-) TimerEvent: {}
[9.357242] (-) TimerEvent: {}
[9.457823] (-) TimerEvent: {}
[9.558499] (-) TimerEvent: {}
[9.659063] (-) TimerEvent: {}
[9.759592] (-) TimerEvent: {}
[9.860146] (-) TimerEvent: {}
[9.960639] (-) TimerEvent: {}
[9.997280] (mars_rover_navigation) StderrLine: {'line': b'Traceback (most recent call last):\n'}
[9.997857] (mars_rover_navigation) StderrLine: {'line': b'  File "/usr/lib/python3/dist-packages/catkin_pkg/package.py", line 610, in parse_package_string\n'}
[9.998523] (mars_rover_navigation) StderrLine: {'line': b'    root = dom.parseString(data)\n'}
[9.998956] (mars_rover_navigation) StderrLine: {'line': b'           ^^^^^^^^^^^^^^^^^^^^^\n'}
[9.999192] (mars_rover_navigation) StderrLine: {'line': b'  File "/usr/lib/python3.12/xml/dom/minidom.py", line 2000, in parseString\n'}
[9.999648] (mars_rover_navigation) StderrLine: {'line': b'    return expatbuilder.parseString(string)\n'}
[10.000207] (mars_rover_navigation) StderrLine: {'line': b'           ^^^^^^^^^^^^^^^^^^^^^^^^^^^^^^^^\n'}
[10.000596] (mars_rover_navigation) StderrLine: {'line': b'  File "/usr/lib/python3.12/xml/dom/expatbuilder.py", line 922, in parseString\n'}
[10.002382] (mars_rover_navigation) StderrLine: {'line': b'    return builder.parseString(string)\n'}
[10.005317] (mars_rover_navigation) StderrLine: {'line': b'           ^^^^^^^^^^^^^^^^^^^^^^^^^^^\n'}
[10.005903] (mars_rover_navigation) StderrLine: {'line': b'  File "/usr/lib/python3.12/xml/dom/expatbuilder.py", line 220, in parseString\n'}
[10.006394] (mars_rover_navigation) StderrLine: {'line': b'    parser.Parse(string, True)\n'}
[10.007346] (mars_rover_navigation) StderrLine: {'line': b'xml.parsers.expat.ExpatError: junk after document element: line 34, column 2\n'}
[10.008757] (mars_rover_navigation) StderrLine: {'line': b'\n'}
[10.009292] (mars_rover_navigation) StderrLine: {'line': b'During handling of the above exception, another exception occurred:\n'}
[10.009740] (mars_rover_navigation) StderrLine: {'line': b'\n'}
[10.010214] (mars_rover_navigation) StderrLine: {'line': b'Traceback (most recent call last):\n'}
[10.010670] (mars_rover_navigation) StderrLine: {'line': b'  File "/opt/ros/jazzy/share/ament_cmake_core/cmake/core/package_xml_2_cmake.py", line 150, in <module>\n'}
[10.011140] (mars_rover_navigation) StderrLine: {'line': b'    main()\n'}
[10.011582] (mars_rover_navigation) StderrLine: {'line': b'  File "/opt/ros/jazzy/share/ament_cmake_core/cmake/core/package_xml_2_cmake.py", line 53, in main\n'}
[10.012827] (mars_rover_navigation) StderrLine: {'line': b'    raise e\n'}
[10.013348] (mars_rover_navigation) StderrLine: {'line': b'  File "/opt/ros/jazzy/share/ament_cmake_core/cmake/core/package_xml_2_cmake.py", line 49, in main\n'}
[10.013750] (mars_rover_navigation) StderrLine: {'line': b'    package = parse_package_string(\n'}
[10.014161] (mars_rover_navigation) StderrLine: {'line': b'              ^^^^^^^^^^^^^^^^^^^^^\n'}
[10.014546] (mars_rover_navigation) StderrLine: {'line': b'  File "/usr/lib/python3/dist-packages/catkin_pkg/package.py", line 612, in parse_package_string\n'}
[10.014989] (mars_rover_navigation) StderrLine: {'line': b"    raise InvalidPackage('The manifest contains invalid XML:\\n%s' % ex, filename)\n"}
[10.015363] (mars_rover_navigation) StderrLine: {'line': b"catkin_pkg.package.InvalidPackage: Error(s) in package '/home/farhan/mars_nav/src/mars_rover_navigation/package.xml':\n"}
[10.015721] (mars_rover_navigation) StderrLine: {'line': b'The manifest contains invalid XML:\n'}
[10.016097] (mars_rover_navigation) StderrLine: {'line': b'junk after document element: line 34, column 2\n'}
[10.061185] (-) TimerEvent: {}
[10.130637] (mars_rover_navigation) StderrLine: {'line': b'\x1b[31mCMake Error at /opt/ros/jazzy/share/ament_cmake_core/cmake/core/ament_package_xml.cmake:95 (message):\n'}
[10.131226] (mars_rover_navigation) StderrLine: {'line': b'  execute_process(/usr/bin/python3\n'}
[10.131620] (mars_rover_navigation) StderrLine: {'line': b'  /opt/ros/jazzy/share/ament_cmake_core/cmake/core/package_xml_2_cmake.py\n'}
[10.132005] (mars_rover_navigation) StderrLine: {'line': b'  /home/farhan/mars_nav/src/mars_rover_navigation/package.xml\n'}
[10.132360] (mars_rover_navigation) StderrLine: {'line': b'  /home/farhan/mars_nav/build/mars_rover_navigation/ament_cmake_core/package.cmake)\n'}
[10.132764] (mars_rover_navigation) StderrLine: {'line': b'  returned error code 1\n'}
[10.133289] (mars_rover_navigation) StderrLine: {'line': b'Call Stack (most recent call first):\n'}
[10.133676] (mars_rover_navigation) StderrLine: {'line': b'  /opt/ros/jazzy/share/ament_cmake_core/cmake/core/ament_package_xml.cmake:49 (_ament_package_xml)\n'}
[10.134069] (mars_rover_navigation) StderrLine: {'line': b'  /opt/ros/jazzy/share/ament_cmake_core/cmake/core/ament_package.cmake:63 (ament_package_xml)\n'}
[10.134450] (mars_rover_navigation) StderrLine: {'line': b'  CMakeLists.txt:70 (ament_package)\n'}
[10.134814] (mars_rover_navigation) StderrLine: {'line': b'\n'}
[10.135195] (mars_rover_navigation) StderrLine: {'line': b'\x1b[0m\n'}
[10.135543] (mars_rover_navigation) StdoutLine: {'line': b'-- Configuring incomplete, errors occurred!\n'}
[10.160403] (mars_rover_navigation) StderrLine: {'line': b'gmake: *** [Makefile:267: cmake_check_build_system] Error 1\n'}
[10.161292] (-) TimerEvent: {}
[10.165738] (mars_rover_navigation) CommandEnded: {'returncode': 2}
[10.167105] (mars_rover_navigation) JobEnded: {'identifier': 'mars_rover_navigation', 'rc': 2}
[10.177046] (-) EventReactorShutdown: {}
